[0/1] Re-running CMake...
-- Building ESP-IDF components for target esp32s3
NOTICE: Processing 2 dependencies:
NOTICE: [1/2] espressif/onewire_bus (1.0.4)
NOTICE: [2/2] idf (5.2.2)
-- Project sdkconfig file /home/fracchio/Thesis_project_node_side/esp_node/sdkconfig
-- Compiler supported targets: xtensa-esp-elf
-- App "esp_node" version: 512b338-dirty
-- Adding linker script /home/fracchio/Thesis_project_node_side/esp_node/build/esp-idf/esp_system/ld/memory.ld
-- Adding linker script /home/fracchio/Thesis_project_node_side/esp_node/build/esp-idf/esp_system/ld/sections.ld.in
-- Adding linker script /home/fracchio/esp/esp-idf/components/esp_rom/esp32s3/ld/esp32s3.rom.ld
-- Adding linker script /home/fracchio/esp/esp-idf/components/esp_rom/esp32s3/ld/esp32s3.rom.api.ld
-- Adding linker script /home/fracchio/esp/esp-idf/components/esp_rom/esp32s3/ld/esp32s3.rom.libgcc.ld
-- Adding linker script /home/fracchio/esp/esp-idf/components/esp_rom/esp32s3/ld/esp32s3.rom.newlib.ld
-- Adding linker script /home/fracchio/esp/esp-idf/components/esp_rom/esp32s3/ld/esp32s3.rom.version.ld
-- Adding linker script /home/fracchio/esp/esp-idf/components/soc/esp32s3/ld/esp32s3.peripherals.ld
-- Components: app_trace app_update bootloader bootloader_support bt cmock console cxx driver efuse esp-tls esp_adc esp_app_format esp_bootloader_format esp_coex esp_common esp_eth esp_event esp_gdbstub esp_hid esp_http_client esp_http_server esp_https_ota esp_https_server esp_hw_support esp_lcd esp_local_ctrl esp_mm esp_netif esp_netif_stack esp_partition esp_phy esp_pm esp_psram esp_ringbuf esp_rom esp_system esp_timer esp_wifi espcoredump espressif__onewire_bus esptool_py fatfs freertos hal heap http_parser idf_test ieee802154 json log lwip main mbedtls mqtt mqtts newlib nvs_flash nvs_sec_provider openthread partition_table perfmon protobuf-c protocomm pthread pwmController sdmmc soc spi_flash spiffs tcp_transport temperature touch_element ulp unity usb vfs wear_levelling wifi wifi_provisioning wpa_supplicant xtensa
-- Component paths: /home/fracchio/esp/esp-idf/components/app_trace /home/fracchio/esp/esp-idf/components/app_update /home/fracchio/esp/esp-idf/components/bootloader /home/fracchio/esp/esp-idf/components/bootloader_support /home/fracchio/esp/esp-idf/components/bt /home/fracchio/esp/esp-idf/components/cmock /home/fracchio/esp/esp-idf/components/console /home/fracchio/esp/esp-idf/components/cxx /home/fracchio/esp/esp-idf/components/driver /home/fracchio/esp/esp-idf/components/efuse /home/fracchio/esp/esp-idf/components/esp-tls /home/fracchio/esp/esp-idf/components/esp_adc /home/fracchio/esp/esp-idf/components/esp_app_format /home/fracchio/esp/esp-idf/components/esp_bootloader_format /home/fracchio/esp/esp-idf/components/esp_coex /home/fracchio/esp/esp-idf/components/esp_common /home/fracchio/esp/esp-idf/components/esp_eth /home/fracchio/esp/esp-idf/components/esp_event /home/fracchio/esp/esp-idf/components/esp_gdbstub /home/fracchio/esp/esp-idf/components/esp_hid /home/fracchio/esp/esp-idf/components/esp_http_client /home/fracchio/esp/esp-idf/components/esp_http_server /home/fracchio/esp/esp-idf/components/esp_https_ota /home/fracchio/esp/esp-idf/components/esp_https_server /home/fracchio/esp/esp-idf/components/esp_hw_support /home/fracchio/esp/esp-idf/components/esp_lcd /home/fracchio/esp/esp-idf/components/esp_local_ctrl /home/fracchio/esp/esp-idf/components/esp_mm /home/fracchio/esp/esp-idf/components/esp_netif /home/fracchio/esp/esp-idf/components/esp_netif_stack /home/fracchio/esp/esp-idf/components/esp_partition /home/fracchio/esp/esp-idf/components/esp_phy /home/fracchio/esp/esp-idf/components/esp_pm /home/fracchio/esp/esp-idf/components/esp_psram /home/fracchio/esp/esp-idf/components/esp_ringbuf /home/fracchio/esp/esp-idf/components/esp_rom /home/fracchio/esp/esp-idf/components/esp_system /home/fracchio/esp/esp-idf/components/esp_timer /home/fracchio/esp/esp-idf/components/esp_wifi /home/fracchio/esp/esp-idf/components/espcoredump /home/fracchio/Thesis_project_node_side/esp_node/managed_components/espressif__onewire_bus /home/fracchio/esp/esp-idf/components/esptool_py /home/fracchio/esp/esp-idf/components/fatfs /home/fracchio/esp/esp-idf/components/freertos /home/fracchio/esp/esp-idf/components/hal /home/fracchio/esp/esp-idf/components/heap /home/fracchio/esp/esp-idf/components/http_parser /home/fracchio/esp/esp-idf/components/idf_test /home/fracchio/esp/esp-idf/components/ieee802154 /home/fracchio/esp/esp-idf/components/json /home/fracchio/esp/esp-idf/components/log /home/fracchio/esp/esp-idf/components/lwip /home/fracchio/Thesis_project_node_side/esp_node/main /home/fracchio/esp/esp-idf/components/mbedtls /home/fracchio/esp/esp-idf/components/mqtt /home/fracchio/Thesis_project_node_side/esp_node/components/mqtts /home/fracchio/esp/esp-idf/components/newlib /home/fracchio/esp/esp-idf/components/nvs_flash /home/fracchio/esp/esp-idf/components/nvs_sec_provider /home/fracchio/esp/esp-idf/components/openthread /home/fracchio/esp/esp-idf/components/partition_table /home/fracchio/esp/esp-idf/components/perfmon /home/fracchio/esp/esp-idf/components/protobuf-c /home/fracchio/esp/esp-idf/components/protocomm /home/fracchio/esp/esp-idf/components/pthread /home/fracchio/Thesis_project_node_side/esp_node/components/pwmController /home/fracchio/esp/esp-idf/components/sdmmc /home/fracchio/esp/esp-idf/components/soc /home/fracchio/esp/esp-idf/components/spi_flash /home/fracchio/esp/esp-idf/components/spiffs /home/fracchio/esp/esp-idf/components/tcp_transport /home/fracchio/Thesis_project_node_side/esp_node/components/temperature /home/fracchio/esp/esp-idf/components/touch_element /home/fracchio/esp/esp-idf/components/ulp /home/fracchio/esp/esp-idf/components/unity /home/fracchio/esp/esp-idf/components/usb /home/fracchio/esp/esp-idf/components/vfs /home/fracchio/esp/esp-idf/components/wear_levelling /home/fracchio/Thesis_project_node_side/esp_node/components/wifi /home/fracchio/esp/esp-idf/components/wifi_provisioning /home/fracchio/esp/esp-idf/components/wpa_supplicant /home/fracchio/esp/esp-idf/components/xtensa
-- Configuring done
-- Generating done
-- Build files have been written to: /home/fracchio/Thesis_project_node_side/esp_node/build
[1/9] Performing build step for 'bootloader'
[1/1] cd /home/fracchio/Thesis_project_node_side/esp_node/build/bootloader/esp-idf/esptool_py && /home/fracchio/.espressif/python_env/idf5.2_py3.10_env/bin/python /home/fracchio/esp/esp-idf/components/partition_table/check_sizes.py --offset 0x8000 bootloader 0x0 /home/fracchio/Thesis_project_node_side/esp_node/build/bootloader/bootloader.bin
Bootloader binary size 0x5250 bytes. 0x2db0 bytes (36%) free.
[2/7] Building CXX object esp-idf/main/CMakeFiles/__idf_main.dir/esp_node.cpp.obj
FAILED: esp-idf/main/CMakeFiles/__idf_main.dir/esp_node.cpp.obj 
/home/fracchio/.espressif/tools/xtensa-esp-elf/esp-13.2.0_20230928/xtensa-esp-elf/bin/xtensa-esp32s3-elf-g++ -DESP_PLATFORM -DIDF_VER=\"v5.2.2\" -DMBEDTLS_CONFIG_FILE=\"mbedtls/esp_config.h\" -DSOC_MMU_PAGE_SIZE=CONFIG_MMU_PAGE_SIZE -DSOC_XTAL_FREQ_MHZ=CONFIG_XTAL_FREQ -D_GLIBCXX_HAVE_POSIX_SEMAPHORE -D_GLIBCXX_USE_POSIX_SEMAPHORE -D_GNU_SOURCE -D_POSIX_READER_WRITER_LOCKS -I/home/fracchio/Thesis_project_node_side/esp_node/build/config -I/home/fracchio/Thesis_project_node_side/esp_node/main -I/home/fracchio/esp/esp-idf/components/newlib/platform_include -I/home/fracchio/esp/esp-idf/components/freertos/config/include -I/home/fracchio/esp/esp-idf/components/freertos/config/include/freertos -I/home/fracchio/esp/esp-idf/components/freertos/config/xtensa/include -I/home/fracchio/esp/esp-idf/components/freertos/FreeRTOS-Kernel/include -I/home/fracchio/esp/esp-idf/components/freertos/FreeRTOS-Kernel/portable/xtensa/include -I/home/fracchio/esp/esp-idf/components/freertos/FreeRTOS-Kernel/portable/xtensa/include/freertos -I/home/fracchio/esp/esp-idf/components/freertos/esp_additions/include -I/home/fracchio/esp/esp-idf/components/esp_hw_support/include -I/home/fracchio/esp/esp-idf/components/esp_hw_support/include/soc -I/home/fracchio/esp/esp-idf/components/esp_hw_support/include/soc/esp32s3 -I/home/fracchio/esp/esp-idf/components/esp_hw_support/port/esp32s3/. -I/home/fracchio/esp/esp-idf/components/heap/include -I/home/fracchio/esp/esp-idf/components/log/include -I/home/fracchio/esp/esp-idf/components/soc/include -I/home/fracchio/esp/esp-idf/components/soc/esp32s3 -I/home/fracchio/esp/esp-idf/components/soc/esp32s3/include -I/home/fracchio/esp/esp-idf/components/hal/platform_port/include -I/home/fracchio/esp/esp-idf/components/hal/esp32s3/include -I/home/fracchio/esp/esp-idf/components/hal/include -I/home/fracchio/esp/esp-idf/components/esp_rom/include -I/home/fracchio/esp/esp-idf/components/esp_rom/include/esp32s3 -I/home/fracchio/esp/esp-idf/components/esp_rom/esp32s3 -I/home/fracchio/esp/esp-idf/components/esp_common/include -I/home/fracchio/esp/esp-idf/components/esp_system/include -I/home/fracchio/esp/esp-idf/components/esp_system/port/soc -I/home/fracchio/esp/esp-idf/components/esp_system/port/include/private -I/home/fracchio/esp/esp-idf/components/xtensa/esp32s3/include -I/home/fracchio/esp/esp-idf/components/xtensa/include -I/home/fracchio/esp/esp-idf/components/xtensa/deprecated_include -I/home/fracchio/esp/esp-idf/components/lwip/include -I/home/fracchio/esp/esp-idf/components/lwip/include/apps -I/home/fracchio/esp/esp-idf/components/lwip/include/apps/sntp -I/home/fracchio/esp/esp-idf/components/lwip/lwip/src/include -I/home/fracchio/esp/esp-idf/components/lwip/port/include -I/home/fracchio/esp/esp-idf/components/lwip/port/freertos/include -I/home/fracchio/esp/esp-idf/components/lwip/port/esp32xx/include -I/home/fracchio/esp/esp-idf/components/lwip/port/esp32xx/include/arch -I/home/fracchio/esp/esp-idf/components/lwip/port/esp32xx/include/sys -I/home/fracchio/esp/esp-idf/components/driver/include -I/home/fracchio/esp/esp-idf/components/driver/deprecated -I/home/fracchio/esp/esp-idf/components/driver/analog_comparator/include -I/home/fracchio/esp/esp-idf/components/driver/dac/include -I/home/fracchio/esp/esp-idf/components/driver/gpio/include -I/home/fracchio/esp/esp-idf/components/driver/gptimer/include -I/home/fracchio/esp/esp-idf/components/driver/i2c/include -I/home/fracchio/esp/esp-idf/components/driver/i2s/include -I/home/fracchio/esp/esp-idf/components/driver/ledc/include -I/home/fracchio/esp/esp-idf/components/driver/mcpwm/include -I/home/fracchio/esp/esp-idf/components/driver/parlio/include -I/home/fracchio/esp/esp-idf/components/driver/pcnt/include -I/home/fracchio/esp/esp-idf/components/driver/rmt/include -I/home/fracchio/esp/esp-idf/components/driver/sdio_slave/include -I/home/fracchio/esp/esp-idf/components/driver/sdmmc/include -I/home/fracchio/esp/esp-idf/components/driver/sigma_delta/include -I/home/fracchio/esp/esp-idf/components/driver/spi/include -I/home/fracchio/esp/esp-idf/components/driver/temperature_sensor/include -I/home/fracchio/esp/esp-idf/components/driver/touch_sensor/include -I/home/fracchio/esp/esp-idf/components/driver/twai/include -I/home/fracchio/esp/esp-idf/components/driver/uart/include -I/home/fracchio/esp/esp-idf/components/driver/usb_serial_jtag/include -I/home/fracchio/esp/esp-idf/components/driver/touch_sensor/esp32s3/include -I/home/fracchio/esp/esp-idf/components/esp_pm/include -I/home/fracchio/esp/esp-idf/components/esp_ringbuf/include -I/home/fracchio/esp/esp-idf/components/nvs_flash/include -I/home/fracchio/esp/esp-idf/components/spi_flash/include -I/home/fracchio/esp/esp-idf/components/esp_partition/include -I/home/fracchio/Thesis_project_node_side/esp_node/components/temperature -I/home/fracchio/Thesis_project_node_side/esp_node/managed_components/espressif__onewire_bus/include -I/home/fracchio/Thesis_project_node_side/esp_node/managed_components/espressif__onewire_bus/interface -I/home/fracchio/Thesis_project_node_side/esp_node/components/pwmController -I/home/fracchio/esp/esp-idf/components/esp_timer/include -I/home/fracchio/Thesis_project_node_side/esp_node/components/wifi -I/home/fracchio/esp/esp-idf/components/esp_event/include -I/home/fracchio/esp/esp-idf/components/esp_wifi/include -I/home/fracchio/esp/esp-idf/components/esp_wifi/wifi_apps/include -I/home/fracchio/esp/esp-idf/components/esp_phy/include -I/home/fracchio/esp/esp-idf/components/esp_phy/esp32s3/include -I/home/fracchio/esp/esp-idf/components/esp_netif/include -I/home/fracchio/Thesis_project_node_side/esp_node/components/mqtts -I/home/fracchio/esp/esp-idf/components/mqtt/esp-mqtt/include -I/home/fracchio/esp/esp-idf/components/tcp_transport/include -I/home/fracchio/esp/esp-idf/components/esp-tls -I/home/fracchio/esp/esp-idf/components/esp-tls/esp-tls-crypto -I/home/fracchio/esp/esp-idf/components/mbedtls/port/include -I/home/fracchio/esp/esp-idf/components/mbedtls/mbedtls/include -I/home/fracchio/esp/esp-idf/components/mbedtls/mbedtls/library -I/home/fracchio/esp/esp-idf/components/mbedtls/esp_crt_bundle/include -I/home/fracchio/esp/esp-idf/components/mbedtls/mbedtls/3rdparty/everest/include -I/home/fracchio/esp/esp-idf/components/mbedtls/mbedtls/3rdparty/p256-m -I/home/fracchio/esp/esp-idf/components/mbedtls/mbedtls/3rdparty/p256-m/p256-m -I/home/fracchio/esp/esp-idf/components/json/cJSON -mlongcalls  -fno-builtin-memcpy -fno-builtin-memset -fno-builtin-bzero -fno-builtin-stpcpy -fno-builtin-strncpy -ffunction-sections -fdata-sections -Wall -Werror=all -Wno-error=unused-function -Wno-error=unused-variable -Wno-error=unused-but-set-variable -Wno-error=deprecated-declarations -Wextra -Wno-unused-parameter -Wno-sign-compare -Wno-enum-conversion -gdwarf-4 -ggdb -Og -fno-shrink-wrap -fmacro-prefix-map=/home/fracchio/Thesis_project_node_side/esp_node=. -fmacro-prefix-map=/home/fracchio/esp/esp-idf=/IDF -fstrict-volatile-bitfields -fno-jump-tables -fno-tree-switch-conversion -std=gnu++2b -fexceptions -fno-rtti -MD -MT esp-idf/main/CMakeFiles/__idf_main.dir/esp_node.cpp.obj -MF esp-idf/main/CMakeFiles/__idf_main.dir/esp_node.cpp.obj.d -o esp-idf/main/CMakeFiles/__idf_main.dir/esp_node.cpp.obj -c /home/fracchio/Thesis_project_node_side/esp_node/main/esp_node.cpp
/home/fracchio/Thesis_project_node_side/esp_node/main/esp_node.cpp:43:8: error: 'esp_timer_handle_t' does not name a type; did you mean 'ledc_isr_handle_t'?
   43 | static esp_timer_handle_t schedule_timer = NULL;
      |        ^~~~~~~~~~~~~~~~~~
      |        ledc_isr_handle_t
/home/fracchio/Thesis_project_node_side/esp_node/main/esp_node.cpp:44:8: error: 'esp_timer_handle_t' does not name a type; did you mean 'ledc_isr_handle_t'?
   44 | static esp_timer_handle_t expiry_timer = NULL;
      |        ^~~~~~~~~~~~~~~~~~
      |        ledc_isr_handle_t
/home/fracchio/Thesis_project_node_side/esp_node/main/esp_node.cpp: In function 'void schedule_timer(uint32_t, float)':
/home/fracchio/Thesis_project_node_side/esp_node/main/esp_node.cpp:62:24: error: the address of 'void schedule_timer(uint32_t, float)' will never be NULL [-Werror=address]
   62 |     if (schedule_timer != NULL) {
      |                        ^
/home/fracchio/Thesis_project_node_side/esp_node/main/esp_node.cpp:60:6: note: 'void schedule_timer(uint32_t, float)' declared here
   60 | void schedule_timer(uint32_t start_timestamp, float expiry_hours) {
      |      ^~~~~~~~~~~~~~
/home/fracchio/Thesis_project_node_side/esp_node/main/esp_node.cpp:63:9: error: 'esp_timer_stop' was not declared in this scope; did you mean 'esp_wifi_stop'?
   63 |         esp_timer_stop(schedule_timer);
      |         ^~~~~~~~~~~~~~
      |         esp_wifi_stop
/home/fracchio/Thesis_project_node_side/esp_node/main/esp_node.cpp:64:9: error: 'esp_timer_delete' was not declared in this scope; did you mean 'timer_delete'?
   64 |         esp_timer_delete(schedule_timer);
      |         ^~~~~~~~~~~~~~~~
      |         timer_delete
/home/fracchio/Thesis_project_node_side/esp_node/main/esp_node.cpp:65:24: error: assignment of function 'void schedule_timer(uint32_t, float)'
   65 |         schedule_timer = NULL;
      |                        ^
/home/fracchio/Thesis_project_node_side/esp_node/main/esp_node.cpp:69:9: error: 'expiry_timer' was not declared in this scope
   69 |     if (expiry_timer != NULL) {
      |         ^~~~~~~~~~~~
/home/fracchio/Thesis_project_node_side/esp_node/main/esp_node.cpp:70:9: error: 'esp_timer_stop' was not declared in this scope; did you mean 'esp_wifi_stop'?
   70 |         esp_timer_stop(expiry_timer);
      |         ^~~~~~~~~~~~~~
      |         esp_wifi_stop
/home/fracchio/Thesis_project_node_side/esp_node/main/esp_node.cpp:71:9: error: 'esp_timer_delete' was not declared in this scope; did you mean 'timer_delete'?
   71 |         esp_timer_delete(expiry_timer);
      |         ^~~~~~~~~~~~~~~~
      |         timer_delete
/home/fracchio/Thesis_project_node_side/esp_node/main/esp_node.cpp:89:9: error: 'esp_timer_create_args_t' was not declared in this scope
   89 |         esp_timer_create_args_t timer_args = {
      |         ^~~~~~~~~~~~~~~~~~~~~~~
/home/fracchio/Thesis_project_node_side/esp_node/main/esp_node.cpp:95:27: error: 'timer_args' was not declared in this scope; did you mean 'timer_t'?
   95 |         esp_timer_create(&timer_args, &schedule_timer);
      |                           ^~~~~~~~~~
      |                           timer_t
/home/fracchio/Thesis_project_node_side/esp_node/main/esp_node.cpp:95:9: error: 'esp_timer_create' was not declared in this scope; did you mean 'timer_create'?
   95 |         esp_timer_create(&timer_args, &schedule_timer);
      |         ^~~~~~~~~~~~~~~~
      |         timer_create
/home/fracchio/Thesis_project_node_side/esp_node/main/esp_node.cpp:96:9: error: 'esp_timer_start_once' was not declared in this scope
   96 |         esp_timer_start_once(schedule_timer, start_delay_us);
      |         ^~~~~~~~~~~~~~~~~~~~
/home/fracchio/Thesis_project_node_side/esp_node/main/esp_node.cpp:111:9: error: 'esp_timer_create_args_t' was not declared in this scope
  111 |         esp_timer_create_args_t expiry_args = {
      |         ^~~~~~~~~~~~~~~~~~~~~~~
/home/fracchio/Thesis_project_node_side/esp_node/main/esp_node.cpp:117:27: error: 'expiry_args' was not declared in this scope; did you mean 'expiry_hours'?
  117 |         esp_timer_create(&expiry_args, &expiry_timer);
      |                           ^~~~~~~~~~~
      |                           expiry_hours
/home/fracchio/Thesis_project_node_side/esp_node/main/esp_node.cpp:117:41: error: 'expiry_timer' was not declared in this scope
  117 |         esp_timer_create(&expiry_args, &expiry_timer);
      |                                         ^~~~~~~~~~~~
/home/fracchio/Thesis_project_node_side/esp_node/main/esp_node.cpp:117:9: error: 'esp_timer_create' was not declared in this scope; did you mean 'timer_create'?
  117 |         esp_timer_create(&expiry_args, &expiry_timer);
      |         ^~~~~~~~~~~~~~~~
      |         timer_create
/home/fracchio/Thesis_project_node_side/esp_node/main/esp_node.cpp:118:9: error: 'esp_timer_start_once' was not declared in this scope
  118 |         esp_timer_start_once(expiry_timer, expiry_delay_us);
      |         ^~~~~~~~~~~~~~~~~~~~
/home/fracchio/Thesis_project_node_side/esp_node/main/esp_node.cpp: In function 'void onMqttMessage(const char*, int, const char*, int)':
/home/fracchio/Thesis_project_node_side/esp_node/main/esp_node.cpp:163:38: warning: missing initializer for member 'tm::tm_min' [-Wmissing-field-initializers]
  163 |                     struct tm tm = {0};
      |                                      ^
/home/fracchio/Thesis_project_node_side/esp_node/main/esp_node.cpp:163:38: warning: missing initializer for member 'tm::tm_hour' [-Wmissing-field-initializers]
/home/fracchio/Thesis_project_node_side/esp_node/main/esp_node.cpp:163:38: warning: missing initializer for member 'tm::tm_mday' [-Wmissing-field-initializers]
/home/fracchio/Thesis_project_node_side/esp_node/main/esp_node.cpp:163:38: warning: missing initializer for member 'tm::tm_mon' [-Wmissing-field-initializers]
/home/fracchio/Thesis_project_node_side/esp_node/main/esp_node.cpp:163:38: warning: missing initializer for member 'tm::tm_year' [-Wmissing-field-initializers]
/home/fracchio/Thesis_project_node_side/esp_node/main/esp_node.cpp:163:38: warning: missing initializer for member 'tm::tm_wday' [-Wmissing-field-initializers]
/home/fracchio/Thesis_project_node_side/esp_node/main/esp_node.cpp:163:38: warning: missing initializer for member 'tm::tm_yday' [-Wmissing-field-initializers]
/home/fracchio/Thesis_project_node_side/esp_node/main/esp_node.cpp:163:38: warning: missing initializer for member 'tm::tm_isdst' [-Wmissing-field-initializers]
/home/fracchio/Thesis_project_node_side/esp_node/main/esp_node.cpp:176:13: error: 'schedule_timer_with_expiry' was not declared in this scope
  176 |             schedule_timer_with_expiry(device_state.start_time, device_state.finish_after);
      |             ^~~~~~~~~~~~~~~~~~~~~~~~~~
/home/fracchio/Thesis_project_node_side/esp_node/main/esp_node.cpp: In function 'DeviceState_t get_device_state()':
/home/fracchio/Thesis_project_node_side/esp_node/main/esp_node.cpp:190:17: error: ambiguous overload for 'operator=' (operand types are 'DeviceState_t' and 'volatile DeviceState_t')
  190 |         state = device_state;
      |                 ^~~~~~~~~~~~
/home/fracchio/Thesis_project_node_side/esp_node/main/esp_node.cpp:32:3: note: candidate: 'constexpr DeviceState_t& DeviceState_t::operator=(const DeviceState_t&)' (near match)
   32 | } DeviceState_t;
      |   ^~~~~~~~~~~~~
/home/fracchio/Thesis_project_node_side/esp_node/main/esp_node.cpp:32:3: note:   conversion of argument 1 would be ill-formed:
/home/fracchio/Thesis_project_node_side/esp_node/main/esp_node.cpp:190:17: error: binding reference of type 'const DeviceState_t&' to 'volatile DeviceState_t' discards qualifiers
  190 |         state = device_state;
      |                 ^~~~~~~~~~~~
/home/fracchio/Thesis_project_node_side/esp_node/main/esp_node.cpp:32:3: note: candidate: 'constexpr DeviceState_t& DeviceState_t::operator=(DeviceState_t&&)' (near match)
   32 | } DeviceState_t;
      |   ^~~~~~~~~~~~~
/home/fracchio/Thesis_project_node_side/esp_node/main/esp_node.cpp:32:3: note:   conversion of argument 1 would be ill-formed:
/home/fracchio/Thesis_project_node_side/esp_node/main/esp_node.cpp:190:17: error: cannot bind rvalue reference of type 'DeviceState_t&&' to lvalue of type 'volatile DeviceState_t'
  190 |         state = device_state;
      |                 ^~~~~~~~~~~~
/home/fracchio/Thesis_project_node_side/esp_node/main/esp_node.cpp: In function 'char* encodePayload(float)':
/home/fracchio/Thesis_project_node_side/esp_node/main/esp_node.cpp:221:15: error: redeclaration of 'tm timeinfo'
  221 |     struct tm timeinfo;
      |               ^~~~~~~~
/home/fracchio/Thesis_project_node_side/esp_node/main/esp_node.cpp:213:15: note: 'tm timeinfo' previously declared here
  213 |     struct tm timeinfo;
      |               ^~~~~~~~
/home/fracchio/Thesis_project_node_side/esp_node/main/esp_node.cpp:234:34: error: format '%f' expects argument of type 'double', but argument 9 has type 'time_t' {aka 'long long int'} [-Werror=format=]
  234 |             "\"finish after\":%.2f,"
      |                               ~~~^
      |                                  |
      |                                  double
      |                               %.2lld
......
  243 |         start_time_enc
      |         ~~~~~~~~~~~~~~            
      |         |
      |         time_t {aka long long int}
/home/fracchio/Thesis_project_node_side/esp_node/main/esp_node.cpp:235:32: error: format '%f' expects a matching 'double' argument [-Werror=format=]
  235 |             "\"start time\":%.2f"
      |                             ~~~^
      |                                |
      |                                double
/home/fracchio/Thesis_project_node_side/esp_node/main/esp_node.cpp:246:12: warning: address of local variable 'payload' returned [-Wreturn-local-addr]
  246 |     return payload;
      |            ^~~~~~~
/home/fracchio/Thesis_project_node_side/esp_node/main/esp_node.cpp:209:10: note: declared here
  209 |     char payload[512];
      |          ^~~~~~~
cc1plus: some warnings being treated as errors
ninja: build stopped: subcommand failed.
