[1/12] Performing build step for 'bootloader'
[1/1] cd /home/fracchio/Thesis_project_node_side/esp_node/build/bootloader/esp-idf/esptool_py && /home/fracchio/.espressif/python_env/idf5.2_py3.10_env/bin/python /home/fracchio/esp/esp-idf/components/partition_table/check_sizes.py --offset 0x8000 bootloader 0x0 /home/fracchio/Thesis_project_node_side/esp_node/build/bootloader/bootloader.bin
Bootloader binary size 0x5250 bytes. 0x2db0 bytes (36%) free.
[2/10] Building CXX object esp-idf/temperature/CMakeFiles/__idf_temperature.dir/actuator.cpp.obj
FAILED: esp-idf/temperature/CMakeFiles/__idf_temperature.dir/actuator.cpp.obj 
/home/fracchio/.espressif/tools/xtensa-esp-elf/esp-13.2.0_20230928/xtensa-esp-elf/bin/xtensa-esp32s3-elf-g++ -DESP_PLATFORM -DIDF_VER=\"v5.2.2\" -DSOC_MMU_PAGE_SIZE=CONFIG_MMU_PAGE_SIZE -DSOC_XTAL_FREQ_MHZ=CONFIG_XTAL_FREQ -D_GLIBCXX_HAVE_POSIX_SEMAPHORE -D_GLIBCXX_USE_POSIX_SEMAPHORE -D_GNU_SOURCE -D_POSIX_READER_WRITER_LOCKS -I/home/fracchio/Thesis_project_node_side/esp_node/build/config -I/home/fracchio/Thesis_project_node_side/esp_node/components/temperature -I/home/fracchio/esp/esp-idf/components/newlib/platform_include -I/home/fracchio/esp/esp-idf/components/freertos/config/include -I/home/fracchio/esp/esp-idf/components/freertos/config/include/freertos -I/home/fracchio/esp/esp-idf/components/freertos/config/xtensa/include -I/home/fracchio/esp/esp-idf/components/freertos/FreeRTOS-Kernel/include -I/home/fracchio/esp/esp-idf/components/freertos/FreeRTOS-Kernel/portable/xtensa/include -I/home/fracchio/esp/esp-idf/components/freertos/FreeRTOS-Kernel/portable/xtensa/include/freertos -I/home/fracchio/esp/esp-idf/components/freertos/esp_additions/include -I/home/fracchio/esp/esp-idf/components/esp_hw_support/include -I/home/fracchio/esp/esp-idf/components/esp_hw_support/include/soc -I/home/fracchio/esp/esp-idf/components/esp_hw_support/include/soc/esp32s3 -I/home/fracchio/esp/esp-idf/components/esp_hw_support/port/esp32s3/. -I/home/fracchio/esp/esp-idf/components/heap/include -I/home/fracchio/esp/esp-idf/components/log/include -I/home/fracchio/esp/esp-idf/components/soc/include -I/home/fracchio/esp/esp-idf/components/soc/esp32s3 -I/home/fracchio/esp/esp-idf/components/soc/esp32s3/include -I/home/fracchio/esp/esp-idf/components/hal/platform_port/include -I/home/fracchio/esp/esp-idf/components/hal/esp32s3/include -I/home/fracchio/esp/esp-idf/components/hal/include -I/home/fracchio/esp/esp-idf/components/esp_rom/include -I/home/fracchio/esp/esp-idf/components/esp_rom/include/esp32s3 -I/home/fracchio/esp/esp-idf/components/esp_rom/esp32s3 -I/home/fracchio/esp/esp-idf/components/esp_common/include -I/home/fracchio/esp/esp-idf/components/esp_system/include -I/home/fracchio/esp/esp-idf/components/esp_system/port/soc -I/home/fracchio/esp/esp-idf/components/esp_system/port/include/private -I/home/fracchio/esp/esp-idf/components/xtensa/esp32s3/include -I/home/fracchio/esp/esp-idf/components/xtensa/include -I/home/fracchio/esp/esp-idf/components/xtensa/deprecated_include -I/home/fracchio/esp/esp-idf/components/lwip/include -I/home/fracchio/esp/esp-idf/components/lwip/include/apps -I/home/fracchio/esp/esp-idf/components/lwip/include/apps/sntp -I/home/fracchio/esp/esp-idf/components/lwip/lwip/src/include -I/home/fracchio/esp/esp-idf/components/lwip/port/include -I/home/fracchio/esp/esp-idf/components/lwip/port/freertos/include -I/home/fracchio/esp/esp-idf/components/lwip/port/esp32xx/include -I/home/fracchio/esp/esp-idf/components/lwip/port/esp32xx/include/arch -I/home/fracchio/esp/esp-idf/components/lwip/port/esp32xx/include/sys -I/home/fracchio/Thesis_project_node_side/esp_node/managed_components/espressif__onewire_bus/include -I/home/fracchio/Thesis_project_node_side/esp_node/managed_components/espressif__onewire_bus/interface -I/home/fracchio/esp/esp-idf/components/driver/include -I/home/fracchio/esp/esp-idf/components/driver/deprecated -I/home/fracchio/esp/esp-idf/components/driver/analog_comparator/include -I/home/fracchio/esp/esp-idf/components/driver/dac/include -I/home/fracchio/esp/esp-idf/components/driver/gpio/include -I/home/fracchio/esp/esp-idf/components/driver/gptimer/include -I/home/fracchio/esp/esp-idf/components/driver/i2c/include -I/home/fracchio/esp/esp-idf/components/driver/i2s/include -I/home/fracchio/esp/esp-idf/components/driver/ledc/include -I/home/fracchio/esp/esp-idf/components/driver/mcpwm/include -I/home/fracchio/esp/esp-idf/components/driver/parlio/include -I/home/fracchio/esp/esp-idf/components/driver/pcnt/include -I/home/fracchio/esp/esp-idf/components/driver/rmt/include -I/home/fracchio/esp/esp-idf/components/driver/sdio_slave/include -I/home/fracchio/esp/esp-idf/components/driver/sdmmc/include -I/home/fracchio/esp/esp-idf/components/driver/sigma_delta/include -I/home/fracchio/esp/esp-idf/components/driver/spi/include -I/home/fracchio/esp/esp-idf/components/driver/temperature_sensor/include -I/home/fracchio/esp/esp-idf/components/driver/touch_sensor/include -I/home/fracchio/esp/esp-idf/components/driver/twai/include -I/home/fracchio/esp/esp-idf/components/driver/uart/include -I/home/fracchio/esp/esp-idf/components/driver/usb_serial_jtag/include -I/home/fracchio/esp/esp-idf/components/driver/touch_sensor/esp32s3/include -I/home/fracchio/esp/esp-idf/components/esp_pm/include -I/home/fracchio/esp/esp-idf/components/esp_ringbuf/include -I/home/fracchio/Thesis_project_node_side/esp_node/components/pwmController -I/home/fracchio/esp/esp-idf/components/esp_timer/include -mlongcalls  -fno-builtin-memcpy -fno-builtin-memset -fno-builtin-bzero -fno-builtin-stpcpy -fno-builtin-strncpy -ffunction-sections -fdata-sections -Wall -Werror=all -Wno-error=unused-function -Wno-error=unused-variable -Wno-error=unused-but-set-variable -Wno-error=deprecated-declarations -Wextra -Wno-unused-parameter -Wno-sign-compare -Wno-enum-conversion -gdwarf-4 -ggdb -Og -fno-shrink-wrap -fmacro-prefix-map=/home/fracchio/Thesis_project_node_side/esp_node=. -fmacro-prefix-map=/home/fracchio/esp/esp-idf=/IDF -fstrict-volatile-bitfields -fno-jump-tables -fno-tree-switch-conversion -std=gnu++2b -fexceptions -fno-rtti -MD -MT esp-idf/temperature/CMakeFiles/__idf_temperature.dir/actuator.cpp.obj -MF esp-idf/temperature/CMakeFiles/__idf_temperature.dir/actuator.cpp.obj.d -o esp-idf/temperature/CMakeFiles/__idf_temperature.dir/actuator.cpp.obj -c /home/fracchio/Thesis_project_node_side/esp_node/components/temperature/actuator.cpp
In file included from /home/fracchio/Thesis_project_node_side/esp_node/components/temperature/actuator.cpp:1:
/home/fracchio/Thesis_project_node_side/esp_node/components/temperature/actuator.hpp:20:27: error: invalid use of incomplete type 'class Actuator_temperature'
   20 |     Actuator_temperature::status set_duty(float duty);
      |                           ^~~~~~
/home/fracchio/Thesis_project_node_side/esp_node/components/temperature/actuator.hpp:10:7: note: definition of 'class Actuator_temperature' is not complete until the closing brace
   10 | class Actuator_temperature {
      |       ^~~~~~~~~~~~~~~~~~~~
/home/fracchio/Thesis_project_node_side/esp_node/components/temperature/actuator.cpp: In destructor 'Actuator_temperature::~Actuator_temperature()':
/home/fracchio/Thesis_project_node_side/esp_node/components/temperature/actuator.cpp:22:5: error: 'set_duty' was not declared in this scope; did you mean '_duty'?
   22 |     set_duty(0.0f);
      |     ^~~~~~~~
      |     _duty
/home/fracchio/Thesis_project_node_side/esp_node/components/temperature/actuator.cpp: In member function 'Actuator_temperature::status Actuator_temperature::init_warm(float)':
/home/fracchio/Thesis_project_node_side/esp_node/components/temperature/actuator.cpp:55:5: error: 'set_duty' was not declared in this scope; did you mean '_duty'?
   55 |     set_duty(duty);
      |     ^~~~~~~~
      |     _duty
/home/fracchio/Thesis_project_node_side/esp_node/components/temperature/actuator.cpp: In member function 'Actuator_temperature::status Actuator_temperature::stop_warm()':
/home/fracchio/Thesis_project_node_side/esp_node/components/temperature/actuator.cpp:66:5: error: 'set_duty' was not declared in this scope; did you mean '_duty'?
   66 |     set_duty(0.0);
      |     ^~~~~~~~
      |     _duty
/home/fracchio/Thesis_project_node_side/esp_node/components/temperature/actuator.cpp: In member function 'Actuator_temperature::status Actuator_temperature::init_cool(float)':
/home/fracchio/Thesis_project_node_side/esp_node/components/temperature/actuator.cpp:86:5: error: 'set_duty' was not declared in this scope; did you mean '_duty'?
   86 |     set_duty(duty);
      |     ^~~~~~~~
      |     _duty
/home/fracchio/Thesis_project_node_side/esp_node/components/temperature/actuator.cpp: In member function 'Actuator_temperature::status Actuator_temperature::stop_cool()':
/home/fracchio/Thesis_project_node_side/esp_node/components/temperature/actuator.cpp:96:5: error: 'set_duty' was not declared in this scope; did you mean '_duty'?
   96 |     set_duty(0.0);
      |     ^~~~~~~~
      |     _duty
/home/fracchio/Thesis_project_node_side/esp_node/components/temperature/actuator.cpp: At global scope:
/home/fracchio/Thesis_project_node_side/esp_node/components/temperature/actuator.cpp:107:30: error: no declaration matches 'Actuator_temperature::status Actuator_temperature::set_duty(float)'
  107 | Actuator_temperature::status Actuator_temperature::set_duty(float duty){
      |                              ^~~~~~~~~~~~~~~~~~~~
/home/fracchio/Thesis_project_node_side/esp_node/components/temperature/actuator.cpp:107:30: note: no functions named 'Actuator_temperature::status Actuator_temperature::set_duty(float)'
/home/fracchio/Thesis_project_node_side/esp_node/components/temperature/actuator.hpp:10:7: note: 'class Actuator_temperature' defined here
   10 | class Actuator_temperature {
      |       ^~~~~~~~~~~~~~~~~~~~
[3/10] Building CXX object esp-idf/main/CMakeFiles/__idf_main.dir/esp_node.cpp.obj
FAILED: esp-idf/main/CMakeFiles/__idf_main.dir/esp_node.cpp.obj 
/home/fracchio/.espressif/tools/xtensa-esp-elf/esp-13.2.0_20230928/xtensa-esp-elf/bin/xtensa-esp32s3-elf-g++ -DESP_PLATFORM -DIDF_VER=\"v5.2.2\" -DLV_CONF_INCLUDE_SIMPLE -DMBEDTLS_CONFIG_FILE=\"mbedtls/esp_config.h\" -DSOC_MMU_PAGE_SIZE=CONFIG_MMU_PAGE_SIZE -DSOC_XTAL_FREQ_MHZ=CONFIG_XTAL_FREQ -D_GLIBCXX_HAVE_POSIX_SEMAPHORE -D_GLIBCXX_USE_POSIX_SEMAPHORE -D_GNU_SOURCE -D_POSIX_READER_WRITER_LOCKS -I/home/fracchio/Thesis_project_node_side/esp_node/build/config -I/home/fracchio/Thesis_project_node_side/esp_node/main -I/home/fracchio/esp/esp-idf/components/newlib/platform_include -I/home/fracchio/esp/esp-idf/components/freertos/config/include -I/home/fracchio/esp/esp-idf/components/freertos/config/include/freertos -I/home/fracchio/esp/esp-idf/components/freertos/config/xtensa/include -I/home/fracchio/esp/esp-idf/components/freertos/FreeRTOS-Kernel/include -I/home/fracchio/esp/esp-idf/components/freertos/FreeRTOS-Kernel/portable/xtensa/include -I/home/fracchio/esp/esp-idf/components/freertos/FreeRTOS-Kernel/portable/xtensa/include/freertos -I/home/fracchio/esp/esp-idf/components/freertos/esp_additions/include -I/home/fracchio/esp/esp-idf/components/esp_hw_support/include -I/home/fracchio/esp/esp-idf/components/esp_hw_support/include/soc -I/home/fracchio/esp/esp-idf/components/esp_hw_support/include/soc/esp32s3 -I/home/fracchio/esp/esp-idf/components/esp_hw_support/port/esp32s3/. -I/home/fracchio/esp/esp-idf/components/heap/include -I/home/fracchio/esp/esp-idf/components/log/include -I/home/fracchio/esp/esp-idf/components/soc/include -I/home/fracchio/esp/esp-idf/components/soc/esp32s3 -I/home/fracchio/esp/esp-idf/components/soc/esp32s3/include -I/home/fracchio/esp/esp-idf/components/hal/platform_port/include -I/home/fracchio/esp/esp-idf/components/hal/esp32s3/include -I/home/fracchio/esp/esp-idf/components/hal/include -I/home/fracchio/esp/esp-idf/components/esp_rom/include -I/home/fracchio/esp/esp-idf/components/esp_rom/include/esp32s3 -I/home/fracchio/esp/esp-idf/components/esp_rom/esp32s3 -I/home/fracchio/esp/esp-idf/components/esp_common/include -I/home/fracchio/esp/esp-idf/components/esp_system/include -I/home/fracchio/esp/esp-idf/components/esp_system/port/soc -I/home/fracchio/esp/esp-idf/components/esp_system/port/include/private -I/home/fracchio/esp/esp-idf/components/xtensa/esp32s3/include -I/home/fracchio/esp/esp-idf/components/xtensa/include -I/home/fracchio/esp/esp-idf/components/xtensa/deprecated_include -I/home/fracchio/esp/esp-idf/components/lwip/include -I/home/fracchio/esp/esp-idf/components/lwip/include/apps -I/home/fracchio/esp/esp-idf/components/lwip/include/apps/sntp -I/home/fracchio/esp/esp-idf/components/lwip/lwip/src/include -I/home/fracchio/esp/esp-idf/components/lwip/port/include -I/home/fracchio/esp/esp-idf/components/lwip/port/freertos/include -I/home/fracchio/esp/esp-idf/components/lwip/port/esp32xx/include -I/home/fracchio/esp/esp-idf/components/lwip/port/esp32xx/include/arch -I/home/fracchio/esp/esp-idf/components/lwip/port/esp32xx/include/sys -I/home/fracchio/esp/esp-idf/components/driver/include -I/home/fracchio/esp/esp-idf/components/driver/deprecated -I/home/fracchio/esp/esp-idf/components/driver/analog_comparator/include -I/home/fracchio/esp/esp-idf/components/driver/dac/include -I/home/fracchio/esp/esp-idf/components/driver/gpio/include -I/home/fracchio/esp/esp-idf/components/driver/gptimer/include -I/home/fracchio/esp/esp-idf/components/driver/i2c/include -I/home/fracchio/esp/esp-idf/components/driver/i2s/include -I/home/fracchio/esp/esp-idf/components/driver/ledc/include -I/home/fracchio/esp/esp-idf/components/driver/mcpwm/include -I/home/fracchio/esp/esp-idf/components/driver/parlio/include -I/home/fracchio/esp/esp-idf/components/driver/pcnt/include -I/home/fracchio/esp/esp-idf/components/driver/rmt/include -I/home/fracchio/esp/esp-idf/components/driver/sdio_slave/include -I/home/fracchio/esp/esp-idf/components/driver/sdmmc/include -I/home/fracchio/esp/esp-idf/components/driver/sigma_delta/include -I/home/fracchio/esp/esp-idf/components/driver/spi/include -I/home/fracchio/esp/esp-idf/components/driver/temperature_sensor/include -I/home/fracchio/esp/esp-idf/components/driver/touch_sensor/include -I/home/fracchio/esp/esp-idf/components/driver/twai/include -I/home/fracchio/esp/esp-idf/components/driver/uart/include -I/home/fracchio/esp/esp-idf/components/driver/usb_serial_jtag/include -I/home/fracchio/esp/esp-idf/components/driver/touch_sensor/esp32s3/include -I/home/fracchio/esp/esp-idf/components/esp_pm/include -I/home/fracchio/esp/esp-idf/components/esp_ringbuf/include -I/home/fracchio/esp/esp-idf/components/nvs_flash/include -I/home/fracchio/esp/esp-idf/components/spi_flash/include -I/home/fracchio/esp/esp-idf/components/esp_partition/include -I/home/fracchio/Thesis_project_node_side/esp_node/components/temperature -I/home/fracchio/Thesis_project_node_side/esp_node/managed_components/espressif__onewire_bus/include -I/home/fracchio/Thesis_project_node_side/esp_node/managed_components/espressif__onewire_bus/interface -I/home/fracchio/Thesis_project_node_side/esp_node/components/pwmController -I/home/fracchio/esp/esp-idf/components/esp_timer/include -I/home/fracchio/Thesis_project_node_side/esp_node/components/wifi -I/home/fracchio/esp/esp-idf/components/esp_event/include -I/home/fracchio/esp/esp-idf/components/esp_wifi/include -I/home/fracchio/esp/esp-idf/components/esp_wifi/wifi_apps/include -I/home/fracchio/esp/esp-idf/components/esp_phy/include -I/home/fracchio/esp/esp-idf/components/esp_phy/esp32s3/include -I/home/fracchio/esp/esp-idf/components/esp_netif/include -I/home/fracchio/Thesis_project_node_side/esp_node/components/mqtts -I/home/fracchio/esp/esp-idf/components/mqtt/esp-mqtt/include -I/home/fracchio/esp/esp-idf/components/tcp_transport/include -I/home/fracchio/esp/esp-idf/components/esp-tls -I/home/fracchio/esp/esp-idf/components/esp-tls/esp-tls-crypto -I/home/fracchio/esp/esp-idf/components/mbedtls/port/include -I/home/fracchio/esp/esp-idf/components/mbedtls/mbedtls/include -I/home/fracchio/esp/esp-idf/components/mbedtls/mbedtls/library -I/home/fracchio/esp/esp-idf/components/mbedtls/esp_crt_bundle/include -I/home/fracchio/esp/esp-idf/components/mbedtls/mbedtls/3rdparty/everest/include -I/home/fracchio/esp/esp-idf/components/mbedtls/mbedtls/3rdparty/p256-m -I/home/fracchio/esp/esp-idf/components/mbedtls/mbedtls/3rdparty/p256-m/p256-m -I/home/fracchio/esp/esp-idf/components/json/cJSON -I/home/fracchio/Thesis_project_node_side/esp_node/managed_components/espressif__esp_lcd_sh1107/include -I/home/fracchio/esp/esp-idf/components/esp_lcd/include -I/home/fracchio/esp/esp-idf/components/esp_lcd/interface -I/home/fracchio/Thesis_project_node_side/esp_node/managed_components/lvgl__lvgl -I/home/fracchio/Thesis_project_node_side/esp_node/managed_components/lvgl__lvgl/src -I/home/fracchio/Thesis_project_node_side/esp_node/managed_components -I/home/fracchio/Thesis_project_node_side/esp_node/managed_components/lvgl__lvgl/examples -I/home/fracchio/Thesis_project_node_side/esp_node/managed_components/lvgl__lvgl/demos -mlongcalls  -fno-builtin-memcpy -fno-builtin-memset -fno-builtin-bzero -fno-builtin-stpcpy -fno-builtin-strncpy -ffunction-sections -fdata-sections -Wall -Werror=all -Wno-error=unused-function -Wno-error=unused-variable -Wno-error=unused-but-set-variable -Wno-error=deprecated-declarations -Wextra -Wno-unused-parameter -Wno-sign-compare -Wno-enum-conversion -gdwarf-4 -ggdb -Og -fno-shrink-wrap -fmacro-prefix-map=/home/fracchio/Thesis_project_node_side/esp_node=. -fmacro-prefix-map=/home/fracchio/esp/esp-idf=/IDF -fstrict-volatile-bitfields -fno-jump-tables -fno-tree-switch-conversion -std=gnu++2b -fexceptions -fno-rtti -MD -MT esp-idf/main/CMakeFiles/__idf_main.dir/esp_node.cpp.obj -MF esp-idf/main/CMakeFiles/__idf_main.dir/esp_node.cpp.obj.d -o esp-idf/main/CMakeFiles/__idf_main.dir/esp_node.cpp.obj -c /home/fracchio/Thesis_project_node_side/esp_node/main/esp_node.cpp
In file included from /home/fracchio/Thesis_project_node_side/esp_node/main/esp_node.cpp:17:
/home/fracchio/Thesis_project_node_side/esp_node/components/temperature/actuator.hpp:20:27: error: invalid use of incomplete type 'class Actuator_temperature'
   20 |     Actuator_temperature::status set_duty(float duty);
      |                           ^~~~~~
/home/fracchio/Thesis_project_node_side/esp_node/components/temperature/actuator.hpp:10:7: note: definition of 'class Actuator_temperature' is not complete until the closing brace
   10 | class Actuator_temperature {
      |       ^~~~~~~~~~~~~~~~~~~~
/home/fracchio/Thesis_project_node_side/esp_node/main/esp_node.cpp: In function 'void schedule_timer_command(uint32_t, float)':
/home/fracchio/Thesis_project_node_side/esp_node/main/esp_node.cpp:235:9: warning: missing initializer for member 'esp_timer_create_args_t::dispatch_method' [-Wmissing-field-initializers]
  235 |         };
      |         ^
/home/fracchio/Thesis_project_node_side/esp_node/main/esp_node.cpp:235:9: warning: missing initializer for member 'esp_timer_create_args_t::skip_unhandled_events' [-Wmissing-field-initializers]
/home/fracchio/Thesis_project_node_side/esp_node/main/esp_node.cpp:257:9: warning: missing initializer for member 'esp_timer_create_args_t::dispatch_method' [-Wmissing-field-initializers]
  257 |         };
      |         ^
/home/fracchio/Thesis_project_node_side/esp_node/main/esp_node.cpp:257:9: warning: missing initializer for member 'esp_timer_create_args_t::skip_unhandled_events' [-Wmissing-field-initializers]
ninja: build stopped: subcommand failed.
