[1/12] Performing build step for 'bootloader'
[1/1] cd /home/fracchio/Thesis_project_node_side/esp_node/build/bootloader/esp-idf/esptool_py && /home/fracchio/.espressif/python_env/idf5.2_py3.10_env/bin/python /home/fracchio/esp/esp-idf/components/partition_table/check_sizes.py --offset 0x8000 bootloader 0x0 /home/fracchio/Thesis_project_node_side/esp_node/build/bootloader/bootloader.bin
Bootloader binary size 0x5250 bytes. 0x2db0 bytes (36%) free.
[2/10] Building CXX object esp-idf/frequency/CMakeFiles/__idf_frequency.dir/fft_wrapper.cpp.obj
FAILED: esp-idf/frequency/CMakeFiles/__idf_frequency.dir/fft_wrapper.cpp.obj 
/home/fracchio/.espressif/tools/xtensa-esp-elf/esp-13.2.0_20230928/xtensa-esp-elf/bin/xtensa-esp32s3-elf-g++ -DESP_PLATFORM -DIDF_VER=\"v5.2.2\" -DSOC_MMU_PAGE_SIZE=CONFIG_MMU_PAGE_SIZE -DSOC_XTAL_FREQ_MHZ=CONFIG_XTAL_FREQ -D_GLIBCXX_HAVE_POSIX_SEMAPHORE -D_GLIBCXX_USE_POSIX_SEMAPHORE -D_GNU_SOURCE -D_POSIX_READER_WRITER_LOCKS -I/home/fracchio/Thesis_project_node_side/esp_node/build/config -I/home/fracchio/Thesis_project_node_side/esp_node/components/frequency -I/home/fracchio/esp/esp-idf/components/newlib/platform_include -I/home/fracchio/esp/esp-idf/components/freertos/config/include -I/home/fracchio/esp/esp-idf/components/freertos/config/include/freertos -I/home/fracchio/esp/esp-idf/components/freertos/config/xtensa/include -I/home/fracchio/esp/esp-idf/components/freertos/FreeRTOS-Kernel/include -I/home/fracchio/esp/esp-idf/components/freertos/FreeRTOS-Kernel/portable/xtensa/include -I/home/fracchio/esp/esp-idf/components/freertos/FreeRTOS-Kernel/portable/xtensa/include/freertos -I/home/fracchio/esp/esp-idf/components/freertos/esp_additions/include -I/home/fracchio/esp/esp-idf/components/esp_hw_support/include -I/home/fracchio/esp/esp-idf/components/esp_hw_support/include/soc -I/home/fracchio/esp/esp-idf/components/esp_hw_support/include/soc/esp32s3 -I/home/fracchio/esp/esp-idf/components/esp_hw_support/port/esp32s3/. -I/home/fracchio/esp/esp-idf/components/heap/include -I/home/fracchio/esp/esp-idf/components/log/include -I/home/fracchio/esp/esp-idf/components/soc/include -I/home/fracchio/esp/esp-idf/components/soc/esp32s3 -I/home/fracchio/esp/esp-idf/components/soc/esp32s3/include -I/home/fracchio/esp/esp-idf/components/hal/platform_port/include -I/home/fracchio/esp/esp-idf/components/hal/esp32s3/include -I/home/fracchio/esp/esp-idf/components/hal/include -I/home/fracchio/esp/esp-idf/components/esp_rom/include -I/home/fracchio/esp/esp-idf/components/esp_rom/include/esp32s3 -I/home/fracchio/esp/esp-idf/components/esp_rom/esp32s3 -I/home/fracchio/esp/esp-idf/components/esp_common/include -I/home/fracchio/esp/esp-idf/components/esp_system/include -I/home/fracchio/esp/esp-idf/components/esp_system/port/soc -I/home/fracchio/esp/esp-idf/components/esp_system/port/include/private -I/home/fracchio/esp/esp-idf/components/xtensa/esp32s3/include -I/home/fracchio/esp/esp-idf/components/xtensa/include -I/home/fracchio/esp/esp-idf/components/xtensa/deprecated_include -I/home/fracchio/esp/esp-idf/components/lwip/include -I/home/fracchio/esp/esp-idf/components/lwip/include/apps -I/home/fracchio/esp/esp-idf/components/lwip/include/apps/sntp -I/home/fracchio/esp/esp-idf/components/lwip/lwip/src/include -I/home/fracchio/esp/esp-idf/components/lwip/port/include -I/home/fracchio/esp/esp-idf/components/lwip/port/freertos/include -I/home/fracchio/esp/esp-idf/components/lwip/port/esp32xx/include -I/home/fracchio/esp/esp-idf/components/lwip/port/esp32xx/include/arch -I/home/fracchio/esp/esp-idf/components/lwip/port/esp32xx/include/sys -I/home/fracchio/esp/esp-idf/components/driver/include -I/home/fracchio/esp/esp-idf/components/driver/deprecated -I/home/fracchio/esp/esp-idf/components/driver/analog_comparator/include -I/home/fracchio/esp/esp-idf/components/driver/dac/include -I/home/fracchio/esp/esp-idf/components/driver/gpio/include -I/home/fracchio/esp/esp-idf/components/driver/gptimer/include -I/home/fracchio/esp/esp-idf/components/driver/i2c/include -I/home/fracchio/esp/esp-idf/components/driver/i2s/include -I/home/fracchio/esp/esp-idf/components/driver/ledc/include -I/home/fracchio/esp/esp-idf/components/driver/mcpwm/include -I/home/fracchio/esp/esp-idf/components/driver/parlio/include -I/home/fracchio/esp/esp-idf/components/driver/pcnt/include -I/home/fracchio/esp/esp-idf/components/driver/rmt/include -I/home/fracchio/esp/esp-idf/components/driver/sdio_slave/include -I/home/fracchio/esp/esp-idf/components/driver/sdmmc/include -I/home/fracchio/esp/esp-idf/components/driver/sigma_delta/include -I/home/fracchio/esp/esp-idf/components/driver/spi/include -I/home/fracchio/esp/esp-idf/components/driver/temperature_sensor/include -I/home/fracchio/esp/esp-idf/components/driver/touch_sensor/include -I/home/fracchio/esp/esp-idf/components/driver/twai/include -I/home/fracchio/esp/esp-idf/components/driver/uart/include -I/home/fracchio/esp/esp-idf/components/driver/usb_serial_jtag/include -I/home/fracchio/esp/esp-idf/components/driver/touch_sensor/esp32s3/include -I/home/fracchio/esp/esp-idf/components/esp_pm/include -I/home/fracchio/esp/esp-idf/components/esp_ringbuf/include -I/home/fracchio/Thesis_project_node_side/esp_node/managed_components/espressif__esp-dsp/modules/dotprod/include -I/home/fracchio/Thesis_project_node_side/esp_node/managed_components/espressif__esp-dsp/modules/support/include -I/home/fracchio/Thesis_project_node_side/esp_node/managed_components/espressif__esp-dsp/modules/support/mem/include -I/home/fracchio/Thesis_project_node_side/esp_node/managed_components/espressif__esp-dsp/modules/windows/include -I/home/fracchio/Thesis_project_node_side/esp_node/managed_components/espressif__esp-dsp/modules/windows/hann/include -I/home/fracchio/Thesis_project_node_side/esp_node/managed_components/espressif__esp-dsp/modules/windows/blackman/include -I/home/fracchio/Thesis_project_node_side/esp_node/managed_components/espressif__esp-dsp/modules/windows/blackman_harris/include -I/home/fracchio/Thesis_project_node_side/esp_node/managed_components/espressif__esp-dsp/modules/windows/blackman_nuttall/include -I/home/fracchio/Thesis_project_node_side/esp_node/managed_components/espressif__esp-dsp/modules/windows/nuttall/include -I/home/fracchio/Thesis_project_node_side/esp_node/managed_components/espressif__esp-dsp/modules/windows/flat_top/include -I/home/fracchio/Thesis_project_node_side/esp_node/managed_components/espressif__esp-dsp/modules/iir/include -I/home/fracchio/Thesis_project_node_side/esp_node/managed_components/espressif__esp-dsp/modules/fir/include -I/home/fracchio/Thesis_project_node_side/esp_node/managed_components/espressif__esp-dsp/modules/math/include -I/home/fracchio/Thesis_project_node_side/esp_node/managed_components/espressif__esp-dsp/modules/math/add/include -I/home/fracchio/Thesis_project_node_side/esp_node/managed_components/espressif__esp-dsp/modules/math/sub/include -I/home/fracchio/Thesis_project_node_side/esp_node/managed_components/espressif__esp-dsp/modules/math/mul/include -I/home/fracchio/Thesis_project_node_side/esp_node/managed_components/espressif__esp-dsp/modules/math/addc/include -I/home/fracchio/Thesis_project_node_side/esp_node/managed_components/espressif__esp-dsp/modules/math/mulc/include -I/home/fracchio/Thesis_project_node_side/esp_node/managed_components/espressif__esp-dsp/modules/math/sqrt/include -I/home/fracchio/Thesis_project_node_side/esp_node/managed_components/espressif__esp-dsp/modules/matrix/mul/include -I/home/fracchio/Thesis_project_node_side/esp_node/managed_components/espressif__esp-dsp/modules/matrix/add/include -I/home/fracchio/Thesis_project_node_side/esp_node/managed_components/espressif__esp-dsp/modules/matrix/addc/include -I/home/fracchio/Thesis_project_node_side/esp_node/managed_components/espressif__esp-dsp/modules/matrix/mulc/include -I/home/fracchio/Thesis_project_node_side/esp_node/managed_components/espressif__esp-dsp/modules/matrix/sub/include -I/home/fracchio/Thesis_project_node_side/esp_node/managed_components/espressif__esp-dsp/modules/matrix/include -I/home/fracchio/Thesis_project_node_side/esp_node/managed_components/espressif__esp-dsp/modules/fft/include -I/home/fracchio/Thesis_project_node_side/esp_node/managed_components/espressif__esp-dsp/modules/dct/include -I/home/fracchio/Thesis_project_node_side/esp_node/managed_components/espressif__esp-dsp/modules/conv/include -I/home/fracchio/Thesis_project_node_side/esp_node/managed_components/espressif__esp-dsp/modules/common/include -I/home/fracchio/Thesis_project_node_side/esp_node/managed_components/espressif__esp-dsp/modules/matrix/mul/test/include -I/home/fracchio/Thesis_project_node_side/esp_node/managed_components/espressif__esp-dsp/modules/kalman/ekf/include -I/home/fracchio/Thesis_project_node_side/esp_node/managed_components/espressif__esp-dsp/modules/kalman/ekf_imu13states/include -I/home/fracchio/esp/esp-idf/components/esp_adc/include -I/home/fracchio/esp/esp-idf/components/esp_adc/interface -I/home/fracchio/esp/esp-idf/components/esp_adc/esp32s3/include -I/home/fracchio/esp/esp-idf/components/esp_adc/deprecated/include -mlongcalls  -fno-builtin-memcpy -fno-builtin-memset -fno-builtin-bzero -fno-builtin-stpcpy -fno-builtin-strncpy -ffunction-sections -fdata-sections -Wall -Werror=all -Wno-error=unused-function -Wno-error=unused-variable -Wno-error=unused-but-set-variable -Wno-error=deprecated-declarations -Wextra -Wno-unused-parameter -Wno-sign-compare -Wno-enum-conversion -gdwarf-4 -ggdb -Og -fno-shrink-wrap -fmacro-prefix-map=/home/fracchio/Thesis_project_node_side/esp_node=. -fmacro-prefix-map=/home/fracchio/esp/esp-idf=/IDF -fstrict-volatile-bitfields -fno-jump-tables -fno-tree-switch-conversion -std=gnu++2b -fexceptions -fno-rtti -MD -MT esp-idf/frequency/CMakeFiles/__idf_frequency.dir/fft_wrapper.cpp.obj -MF esp-idf/frequency/CMakeFiles/__idf_frequency.dir/fft_wrapper.cpp.obj.d -o esp-idf/frequency/CMakeFiles/__idf_frequency.dir/fft_wrapper.cpp.obj -c /home/fracchio/Thesis_project_node_side/esp_node/components/frequency/fft_wrapper.cpp
/home/fracchio/Thesis_project_node_side/esp_node/components/frequency/fft_wrapper.cpp: In member function 'void FFT_ultrasonic::begin(uint8_t, uint8_t, uint32_t, int)':
/home/fracchio/Thesis_project_node_side/esp_node/components/frequency/fft_wrapper.cpp:43:5: warning: missing initializer for member 'adc_continuous_handle_cfg_t::flags' [-Wmissing-field-initializers]
   43 |     };
      |     ^
/home/fracchio/Thesis_project_node_side/esp_node/components/frequency/fft_wrapper.cpp:69:5: warning: missing initializer for member 'adc_continuous_evt_cbs_t::on_pool_ovf' [-Wmissing-field-initializers]
   69 |     };
      |     ^
/home/fracchio/Thesis_project_node_side/esp_node/components/frequency/fft_wrapper.cpp: In member function 'uint32_t* FFT_ultrasonic::read_and_get_data_fixed_samples()':
/home/fracchio/Thesis_project_node_side/esp_node/components/frequency/fft_wrapper.cpp:125:12: error: cannot convert 'float*' to 'uint32_t*' {aka 'long unsigned int*'} in return
  125 |     return _fft_result;
      |            ^~~~~~~~~~~
      |            |
      |            float*
/home/fracchio/Thesis_project_node_side/esp_node/components/frequency/fft_wrapper.cpp: In member function 'int FFT_ultrasonic::getMaxFrequencyFFT()':
/home/fracchio/Thesis_project_node_side/esp_node/components/frequency/fft_wrapper.cpp:187:41: error: 'num_samples' was not declared in this scope; did you mean '_num_samples'?
  187 |     std_deviation_and_mean(_fft_result, num_samples/2, &std_dev, &mean);
      |                                         ^~~~~~~~~~~
      |                                         _num_samples
/home/fracchio/Thesis_project_node_side/esp_node/components/frequency/fft_wrapper.cpp: In member function 'uint32_t FFT_ultrasonic::get_max_cali_value(adc_cali_handle_t)':
/home/fracchio/Thesis_project_node_side/esp_node/components/frequency/fft_wrapper.cpp:216:13: error: 'unit32_t' was not declared in this scope; did you mean 'uint32_t'?
  216 |     return (unit32_t) t;
      |             ^~~~~~~~
      |             uint32_t
/home/fracchio/Thesis_project_node_side/esp_node/components/frequency/fft_wrapper.cpp:216:22: error: expected ';' before 't'
  216 |     return (unit32_t) t;
      |                      ^~
      |                      ;
/home/fracchio/Thesis_project_node_side/esp_node/components/frequency/fft_wrapper.cpp:216:23: error: statement has no effect [-Werror=unused-value]
  216 |     return (unit32_t) t;
      |                       ^
/home/fracchio/Thesis_project_node_side/esp_node/components/frequency/fft_wrapper.cpp: In member function 'void FFT_ultrasonic::adc_calibration_init()':
/home/fracchio/Thesis_project_node_side/esp_node/components/frequency/fft_wrapper.cpp:228:10: error: 'calibrated' was not declared in this scope; did you mean '_calibrated'?
  228 |     if (!calibrated) {
      |          ^~~~~~~~~~
      |          _calibrated
/home/fracchio/Thesis_project_node_side/esp_node/components/frequency/fft_wrapper.cpp:230:24: error: invalid conversion from 'uint8_t' {aka 'unsigned char'} to 'adc_unit_t' [-fpermissive]
  230 |             .unit_id = _ADC_unit,
      |                        ^~~~~~~~~
      |                        |
      |                        uint8_t {aka unsigned char}
/home/fracchio/Thesis_project_node_side/esp_node/components/frequency/fft_wrapper.cpp:231:21: error: invalid conversion from 'uint8_t' {aka 'unsigned char'} to 'adc_channel_t' [-fpermissive]
  231 |             .chan = _ADC_channel,
      |                     ^~~~~~~~~~~~
      |                     |
      |                     uint8_t {aka unsigned char}
In file included from /home/fracchio/esp/esp-idf/components/esp_hw_support/include/esp_cpu.h:13,
                 from /home/fracchio/esp/esp-idf/components/esp_hw_support/include/spinlock.h:11,
                 from /home/fracchio/esp/esp-idf/components/freertos/FreeRTOS-Kernel/portable/xtensa/include/freertos/portmacro.h:49,
                 from /home/fracchio/esp/esp-idf/components/freertos/FreeRTOS-Kernel/include/freertos/portable.h:57,
                 from /home/fracchio/esp/esp-idf/components/freertos/FreeRTOS-Kernel/include/freertos/FreeRTOS.h:69,
                 from /home/fracchio/Thesis_project_node_side/esp_node/components/frequency/fft_wrapper.hpp:3,
                 from /home/fracchio/Thesis_project_node_side/esp_node/components/frequency/fft_wrapper.cpp:1:
/home/fracchio/esp/esp-idf/components/soc/esp32s3/include/soc/soc_caps.h:105:50: error: invalid conversion from 'int' to 'adc_bitwidth_t' [-fpermissive]
  105 | #define SOC_ADC_DIGI_MAX_BITWIDTH               (12)
      |                                                 ~^~~
      |                                                  |
      |                                                  int
/home/fracchio/Thesis_project_node_side/esp_node/components/frequency/fft_wrapper.cpp:233:25: note: in expansion of macro 'SOC_ADC_DIGI_MAX_BITWIDTH'
  233 |             .bitwidth = SOC_ADC_DIGI_MAX_BITWIDTH,
      |                         ^~~~~~~~~~~~~~~~~~~~~~~~~
/home/fracchio/Thesis_project_node_side/esp_node/components/frequency/fft_wrapper.cpp:221:23: warning: unused variable 'handle' [-Wunused-variable]
  221 |     adc_cali_handle_t handle = NULL;
      |                       ^~~~~~
cc1plus: some warnings being treated as errors
[3/10] Building CXX object esp-idf/main/CMakeFiles/__idf_main.dir/esp_node.cpp.obj
/home/fracchio/Thesis_project_node_side/esp_node/main/esp_node.cpp: In function 'void schedule_timer_command(uint32_t, float)':
/home/fracchio/Thesis_project_node_side/esp_node/main/esp_node.cpp:210:9: warning: missing initializer for member 'esp_timer_create_args_t::dispatch_method' [-Wmissing-field-initializers]
  210 |         };
      |         ^
/home/fracchio/Thesis_project_node_side/esp_node/main/esp_node.cpp:210:9: warning: missing initializer for member 'esp_timer_create_args_t::skip_unhandled_events' [-Wmissing-field-initializers]
/home/fracchio/Thesis_project_node_side/esp_node/main/esp_node.cpp:232:9: warning: missing initializer for member 'esp_timer_create_args_t::dispatch_method' [-Wmissing-field-initializers]
  232 |         };
      |         ^
/home/fracchio/Thesis_project_node_side/esp_node/main/esp_node.cpp:232:9: warning: missing initializer for member 'esp_timer_create_args_t::skip_unhandled_events' [-Wmissing-field-initializers]
/home/fracchio/Thesis_project_node_side/esp_node/main/esp_node.cpp: In function 'void app_main()':
/home/fracchio/Thesis_project_node_side/esp_node/main/esp_node.cpp:433:13: warning: unused variable 'max_freq' [-Wunused-variable]
  433 |         int max_freq = fft.getMaxFrequencyFFT();
      |             ^~~~~~~~
ninja: build stopped: subcommand failed.
